<?xml version="1.0" encoding="UTF-8"?>
<!-- Generated by org.testng.reporters.JUnitXMLReporter -->
<testsuite ignored="1" hostname="TYSS-Manuja-Lamani" failures="0" tests="1" name="Default test" time="0.057" errors="0" timestamp="2024-10-13T15:26:38 IST">
  <testcase classname="mapsPrograms.OccuranceOfCharacter" name="firstApproach" time="0.008"/>
  <testcase classname="mapsPrograms.OccuranceOfCharacter" name="main" time="0.0">
    <ignored/>
  </testcase> <!-- main -->
</testsuite> <!-- Default test -->
