<?xml version="1.0" encoding="UTF-8"?>
<!-- Generated by org.testng.reporters.JUnitXMLReporter -->
<testsuite ignored="3" hostname="TYSS-Manuja-Lamani" failures="0" tests="2" name="Test" time="0.065" errors="0" timestamp="2024-09-29T19:03:25 IST">
  <testcase classname="testscripts.ThreadCounts" name="test1" time="0.01"/>
  <testcase classname="testscripts.ThreadCounts" name="test2" time="0.001"/>
  <testcase classname="testscripts.ThreadCounts" name="test5" time="0.0">
    <ignored/>
  </testcase> <!-- test5 -->
  <testcase classname="testscripts.ThreadCounts" name="test4" time="0.0">
    <ignored/>
  </testcase> <!-- test4 -->
  <testcase classname="testscripts.ThreadCounts" name="test3" time="0.0">
    <ignored/>
  </testcase> <!-- test3 -->
</testsuite> <!-- Test -->
