<?xml version="1.0" encoding="UTF-8"?>
<testng-results ignored="1" total="2" passed="1" failed="0" skipped="0">
  <reporter-output>
  </reporter-output>
  <suite started-at="2024-10-13T15:26:38 IST" name="Default suite" finished-at="2024-10-13T15:26:38 IST" duration-ms="57">
    <groups>
    </groups>
    <test started-at="2024-10-13T15:26:38 IST" name="Default test" finished-at="2024-10-13T15:26:38 IST" duration-ms="57">
      <class name="mapsPrograms.OccuranceOfCharacter">
        <test-method signature="firstApproach()[pri:0, instance:mapsPrograms.OccuranceOfCharacter@2f1de2d6]" started-at="2024-10-13T15:26:38 IST" name="firstApproach" finished-at="2024-10-13T15:26:38 IST" duration-ms="8" status="PASS">
          <reporter-output>
          </reporter-output>
        </test-method> <!-- firstApproach -->
      </class> <!-- mapsPrograms.OccuranceOfCharacter -->
    </test> <!-- Default test -->
  </suite> <!-- Default suite -->
</testng-results>
